<?xml version="1.0" encoding="UTF-8"?>
<testsuite xmlns:xsi="http://www.w3.org/2001/XMLSchema-instance" xsi:noNamespaceSchemaLocation="https://maven.apache.org/surefire/maven-surefire-plugin/xsd/surefire-test-report.xsd" version="3.0.2" name="com.se300.ledger.complete.CompleteTest" time="2.336" tests="26" errors="1" skipped="0" failures="0">
  <properties>
[...]
</properties>
  <testcase name="mockBehaviorTest" classname="com.se300.ledger.complete.CompleteTest" time="1.481">
    <error message="&#10;Mockito cannot mock this class: class com.se300.ledger.Ledger.&#10;&#10;If you&apos;re not sure why you&apos;re getting this error, please open an issue on GitHub.&#10;&#10;&#10;Java               : 24&#10;JVM vendor name    : Homebrew&#10;JVM vendor version : 24.0.2&#10;JVM name           : OpenJDK 64-Bit Server VM&#10;JVM version        : 24.0.2&#10;JVM info           : mixed mode, sharing&#10;OS name            : Mac OS X&#10;OS version         : 14.4.1&#10;&#10;&#10;You are seeing this disclaimer because Mockito is configured to create inlined mocks.&#10;You can learn about inline mocks and their limitations under item #39 of the Mockito class javadoc.&#10;&#10;Underlying exception : org.mockito.exceptions.base.MockitoException: Could not modify all classes [class java.lang.Object, class com.se300.ledger.Ledger]" type="org.mockito.exceptions.base.MockitoException"><![CDATA[org.mockito.exceptions.base.MockitoException: 

Mockito cannot mock this class: class com.se300.ledger.Ledger.

If you're not sure why you're getting this error, please open an issue on GitHub.


Java               : 24
JVM vendor name    : Homebrew
JVM vendor version : 24.0.2
JVM name           : OpenJDK 64-Bit Server VM
JVM version        : 24.0.2
JVM info           : mixed mode, sharing
OS name            : Mac OS X
OS version         : 14.4.1


You are seeing this disclaimer because Mockito is configured to create inlined mocks.
You can learn about inline mocks and their limitations under item #39 of the Mockito class javadoc.

Underlying exception : org.mockito.exceptions.base.MockitoException: Could not modify all classes [class java.lang.Object, class com.se300.ledger.Ledger]
	at com.se300.ledger.complete.CompleteTest.mockBehaviorTest(CompleteTest.java:364)
	at java.base/java.lang.reflect.Method.invoke(Method.java:565)
	at java.base/java.util.ArrayList.forEach(ArrayList.java:1604)
	at java.base/java.util.ArrayList.forEach(ArrayList.java:1604)
Caused by: org.mockito.exceptions.base.MockitoException: Could not modify all classes [class java.lang.Object, class com.se300.ledger.Ledger]
	at net.bytebuddy.TypeCache.findOrInsert(TypeCache.java:168)
	at net.bytebuddy.TypeCache$WithInlineExpunction.findOrInsert(TypeCache.java:399)
	at net.bytebuddy.TypeCache.findOrInsert(TypeCache.java:190)
	at net.bytebuddy.TypeCache$WithInlineExpunction.findOrInsert(TypeCache.java:410)
	... 4 more
Caused by: java.lang.IllegalStateException: 
Byte Buddy could not instrument all classes within the mock's type hierarchy

This problem should never occur for javac-compiled classes. This problem has been observed for classes that are:
 - Compiled by older versions of scalac
 - Classes that are part of the Android distribution
	at org.mockito.internal.creation.bytebuddy.InlineBytecodeGenerator.triggerRetransformation(InlineBytecodeGenerator.java:291)
	at org.mockito.internal.creation.bytebuddy.InlineBytecodeGenerator.mockClass(InlineBytecodeGenerator.java:220)
	at org.mockito.internal.creation.bytebuddy.TypeCachingBytecodeGenerator.lambda$mockClass$0(TypeCachingBytecodeGenerator.java:78)
	at net.bytebuddy.TypeCache.findOrInsert(TypeCache.java:168)
	at net.bytebuddy.TypeCache$WithInlineExpunction.findOrInsert(TypeCache.java:399)
	at net.bytebuddy.TypeCache.findOrInsert(TypeCache.java:190)
	at net.bytebuddy.TypeCache$WithInlineExpunction.findOrInsert(TypeCache.java:410)
	at org.mockito.internal.creation.bytebuddy.TypeCachingBytecodeGenerator.mockClass(TypeCachingBytecodeGenerator.java:75)
	at org.mockito.internal.creation.bytebuddy.InlineDelegateByteBuddyMockMaker.createMockType(InlineDelegateByteBuddyMockMaker.java:429)
	at org.mockito.internal.creation.bytebuddy.InlineDelegateByteBuddyMockMaker.doCreateMock(InlineDelegateByteBuddyMockMaker.java:388)
	at org.mockito.internal.creation.bytebuddy.InlineDelegateByteBuddyMockMaker.createMock(InlineDelegateByteBuddyMockMaker.java:367)
	at org.mockito.internal.creation.bytebuddy.InlineByteBuddyMockMaker.createMock(InlineByteBuddyMockMaker.java:56)
	at org.mockito.internal.util.MockUtil.createMock(MockUtil.java:99)
	at org.mockito.internal.MockitoCore.mock(MockitoCore.java:84)
	at org.mockito.Mockito.mock(Mockito.java:2198)
	at org.mockito.Mockito.mock(Mockito.java:2113)
	... 4 more
Caused by: java.lang.IllegalArgumentException: Java 21 (65) is not supported by the current version of Byte Buddy which officially supports Java 20 (64) - update Byte Buddy or set net.bytebuddy.experimental as a VM property
	at net.bytebuddy.utility.OpenedClassReader.of(OpenedClassReader.java:96)
	at net.bytebuddy.dynamic.scaffold.TypeWriter$Default$ForInlining.create(TypeWriter.java:4011)
	at net.bytebuddy.dynamic.scaffold.TypeWriter$Default.make(TypeWriter.java:2224)
	at net.bytebuddy.dynamic.DynamicType$Builder$AbstractBase$UsingTypeWriter.make(DynamicType.java:4050)
	at net.bytebuddy.dynamic.DynamicType$Builder$AbstractBase.make(DynamicType.java:3734)
	at org.mockito.internal.creation.bytebuddy.InlineBytecodeGenerator.transform(InlineBytecodeGenerator.java:408)
	at java.instrument/java.lang.instrument.ClassFileTransformer.transform(ClassFileTransformer.java:257)
	at java.instrument/sun.instrument.TransformerManager.transform(TransformerManager.java:188)
	at java.instrument/sun.instrument.InstrumentationImpl.transform(InstrumentationImpl.java:594)
	at java.instrument/sun.instrument.InstrumentationImpl.retransformClasses0(Native Method)
	at java.instrument/sun.instrument.InstrumentationImpl.retransformClasses(InstrumentationImpl.java:221)
	at org.mockito.internal.creation.bytebuddy.InlineBytecodeGenerator.triggerRetransformation(InlineBytecodeGenerator.java:287)
	... 19 more
]]></error>
    <system-out><![CDATA[Setting up...
Creating Ledger: test ledger test-Ledger test-ledger
Creating Account: test-account-A
Creating Account: test-account-B
Processing Transaction: init-transaction-d40bc28c-685e-44b0-8432-2e15e8fe3b0e 100 10 Initial test-account-A test-account-B

=== Running mockBehaviorTest ===

--- tearDown: cleaning up test ledger ---
]]></system-out>
  </testcase>
  <testcase name="repeatedTest(RepetitionInfo)[1]" classname="com.se300.ledger.complete.CompleteTest" time="0.079">
    <system-out><![CDATA[Setting up...
Creating Ledger: test ledger test-Ledger test-ledger
Creating Account: test-account-A
Creating Account: test-account-B
Processing Transaction: init-transaction-bd0a4daa-182e-44f1-8b53-23326d28efa1 100 10 Initial test-account-A test-account-B

=== Running repeatedTest (ProcessTransactionLoadTest) repetition 1 ===

Running Repetition 1 of 10
Processing Transaction: 1-1 0 10 transaction 1 test-account-A test-account-B
Processing Transaction: 1-2 0 10 transaction 2 test-account-A test-account-B
Processing Transaction: 1-3 0 10 transaction 3 test-account-A test-account-B
Processing Transaction: 1-4 0 10 transaction 4 test-account-A test-account-B
Processing Transaction: 1-5 0 10 transaction 5 test-account-A test-account-B
Processing Transaction: 1-6 0 10 transaction 6 test-account-A test-account-B
Processing Transaction: 1-7 0 10 transaction 7 test-account-A test-account-B
Processing Transaction: 1-8 0 10 transaction 8 test-account-A test-account-B
Processing Transaction: 1-9 0 10 transaction 9 test-account-A test-account-B
Repetition 1 completed in 47 ms
--- tearDown: cleaning up test ledger ---
]]></system-out>
  </testcase>
  <testcase name="repeatedTest(RepetitionInfo)[2]" classname="com.se300.ledger.complete.CompleteTest" time="0.029">
    <system-out><![CDATA[Setting up...
Creating Ledger: test ledger test-Ledger test-ledger
Creating Account: test-account-A
Creating Account: test-account-B
Processing Transaction: init-transaction-20a2ad44-101c-4fe0-a78a-4e7d1beed5da 100 10 Initial test-account-A test-account-B

=== Running repeatedTest (ProcessTransactionLoadTest) repetition 2 ===

Running Repetition 2 of 10
Processing Transaction: 2-1 0 10 transaction 1 test-account-A test-account-B
Processing Transaction: 2-2 0 10 transaction 2 test-account-A test-account-B
Processing Transaction: 2-3 0 10 transaction 3 test-account-A test-account-B
Processing Transaction: 2-4 0 10 transaction 4 test-account-A test-account-B
Processing Transaction: 2-5 0 10 transaction 5 test-account-A test-account-B
Processing Transaction: 2-6 0 10 transaction 6 test-account-A test-account-B
Processing Transaction: 2-7 0 10 transaction 7 test-account-A test-account-B
Processing Transaction: 2-8 0 10 transaction 8 test-account-A test-account-B
Processing Transaction: 2-9 0 10 transaction 9 test-account-A test-account-B
Repetition 2 completed in 18 ms
--- tearDown: cleaning up test ledger ---
]]></system-out>
  </testcase>
  <testcase name="repeatedTest(RepetitionInfo)[3]" classname="com.se300.ledger.complete.CompleteTest" time="0.022">
    <system-out><![CDATA[Setting up...
Creating Ledger: test ledger test-Ledger test-ledger
Creating Account: test-account-A
Creating Account: test-account-B
Processing Transaction: init-transaction-8e93cfb5-c255-426b-b5a9-0d1b81117be5 100 10 Initial test-account-A test-account-B

=== Running repeatedTest (ProcessTransactionLoadTest) repetition 3 ===

Running Repetition 3 of 10
Processing Transaction: 3-1 0 10 transaction 1 test-account-A test-account-B
Processing Transaction: 3-2 0 10 transaction 2 test-account-A test-account-B
Processing Transaction: 3-3 0 10 transaction 3 test-account-A test-account-B
Processing Transaction: 3-4 0 10 transaction 4 test-account-A test-account-B
Processing Transaction: 3-5 0 10 transaction 5 test-account-A test-account-B
Processing Transaction: 3-6 0 10 transaction 6 test-account-A test-account-B
Processing Transaction: 3-7 0 10 transaction 7 test-account-A test-account-B
Processing Transaction: 3-8 0 10 transaction 8 test-account-A test-account-B
Processing Transaction: 3-9 0 10 transaction 9 test-account-A test-account-B
Repetition 3 completed in 10 ms
--- tearDown: cleaning up test ledger ---
]]></system-out>
  </testcase>
  <testcase name="repeatedTest(RepetitionInfo)[4]" classname="com.se300.ledger.complete.CompleteTest" time="0.005">
    <system-out><![CDATA[Setting up...
Creating Ledger: test ledger test-Ledger test-ledger
Creating Account: test-account-A
Creating Account: test-account-B
Processing Transaction: init-transaction-991a67be-a013-4df5-a8a2-5284d4bc2288 100 10 Initial test-account-A test-account-B

=== Running repeatedTest (ProcessTransactionLoadTest) repetition 4 ===

Running Repetition 4 of 10
Processing Transaction: 4-1 0 10 transaction 1 test-account-A test-account-B
Processing Transaction: 4-2 0 10 transaction 2 test-account-A test-account-B
Processing Transaction: 4-3 0 10 transaction 3 test-account-A test-account-B
Processing Transaction: 4-4 0 10 transaction 4 test-account-A test-account-B
Processing Transaction: 4-5 0 10 transaction 5 test-account-A test-account-B
Processing Transaction: 4-6 0 10 transaction 6 test-account-A test-account-B
Processing Transaction: 4-7 0 10 transaction 7 test-account-A test-account-B
Processing Transaction: 4-8 0 10 transaction 8 test-account-A test-account-B
Processing Transaction: 4-9 0 10 transaction 9 test-account-A test-account-B
Repetition 4 completed in 2 ms
--- tearDown: cleaning up test ledger ---
]]></system-out>
  </testcase>
  <testcase name="repeatedTest(RepetitionInfo)[5]" classname="com.se300.ledger.complete.CompleteTest" time="0.007">
    <system-out><![CDATA[Setting up...
Creating Ledger: test ledger test-Ledger test-ledger
Creating Account: test-account-A
Creating Account: test-account-B
Processing Transaction: init-transaction-8f2462f6-777a-4039-8540-0b62db7393b1 100 10 Initial test-account-A test-account-B

=== Running repeatedTest (ProcessTransactionLoadTest) repetition 5 ===

Running Repetition 5 of 10
Processing Transaction: 5-1 0 10 transaction 1 test-account-A test-account-B
Processing Transaction: 5-2 0 10 transaction 2 test-account-A test-account-B
Processing Transaction: 5-3 0 10 transaction 3 test-account-A test-account-B
Processing Transaction: 5-4 0 10 transaction 4 test-account-A test-account-B
Processing Transaction: 5-5 0 10 transaction 5 test-account-A test-account-B
Processing Transaction: 5-6 0 10 transaction 6 test-account-A test-account-B
Processing Transaction: 5-7 0 10 transaction 7 test-account-A test-account-B
Processing Transaction: 5-8 0 10 transaction 8 test-account-A test-account-B
Processing Transaction: 5-9 0 10 transaction 9 test-account-A test-account-B
Repetition 5 completed in 2 ms
--- tearDown: cleaning up test ledger ---
]]></system-out>
  </testcase>
  <testcase name="repeatedTest(RepetitionInfo)[6]" classname="com.se300.ledger.complete.CompleteTest" time="0.022">
    <system-out><![CDATA[Setting up...
Creating Ledger: test ledger test-Ledger test-ledger
Creating Account: test-account-A
Creating Account: test-account-B
Processing Transaction: init-transaction-173daae7-d453-4ccf-9ce1-21d6641e5690 100 10 Initial test-account-A test-account-B

=== Running repeatedTest (ProcessTransactionLoadTest) repetition 6 ===

Running Repetition 6 of 10
Processing Transaction: 6-1 0 10 transaction 1 test-account-A test-account-B
Processing Transaction: 6-2 0 10 transaction 2 test-account-A test-account-B
Processing Transaction: 6-3 0 10 transaction 3 test-account-A test-account-B
Processing Transaction: 6-4 0 10 transaction 4 test-account-A test-account-B
Processing Transaction: 6-5 0 10 transaction 5 test-account-A test-account-B
Processing Transaction: 6-6 0 10 transaction 6 test-account-A test-account-B
Processing Transaction: 6-7 0 10 transaction 7 test-account-A test-account-B
Processing Transaction: 6-8 0 10 transaction 8 test-account-A test-account-B
Processing Transaction: 6-9 0 10 transaction 9 test-account-A test-account-B
Repetition 6 completed in 16 ms
--- tearDown: cleaning up test ledger ---
]]></system-out>
  </testcase>
  <testcase name="repeatedTest(RepetitionInfo)[7]" classname="com.se300.ledger.complete.CompleteTest" time="0.023">
    <system-out><![CDATA[Setting up...
Creating Ledger: test ledger test-Ledger test-ledger
Creating Account: test-account-A
Creating Account: test-account-B
Processing Transaction: init-transaction-7470093a-ebfc-439b-92a5-e3ba384f470d 100 10 Initial test-account-A test-account-B

=== Running repeatedTest (ProcessTransactionLoadTest) repetition 7 ===

Running Repetition 7 of 10
Processing Transaction: 7-1 0 10 transaction 1 test-account-A test-account-B
Processing Transaction: 7-2 0 10 transaction 2 test-account-A test-account-B
Processing Transaction: 7-3 0 10 transaction 3 test-account-A test-account-B
Processing Transaction: 7-4 0 10 transaction 4 test-account-A test-account-B
Processing Transaction: 7-5 0 10 transaction 5 test-account-A test-account-B
Processing Transaction: 7-6 0 10 transaction 6 test-account-A test-account-B
Processing Transaction: 7-7 0 10 transaction 7 test-account-A test-account-B
Processing Transaction: 7-8 0 10 transaction 8 test-account-A test-account-B
Processing Transaction: 7-9 0 10 transaction 9 test-account-A test-account-B
Repetition 7 completed in 17 ms
--- tearDown: cleaning up test ledger ---
]]></system-out>
  </testcase>
  <testcase name="repeatedTest(RepetitionInfo)[8]" classname="com.se300.ledger.complete.CompleteTest" time="0.007">
    <system-out><![CDATA[Setting up...
Creating Ledger: test ledger test-Ledger test-ledger
Creating Account: test-account-A
Creating Account: test-account-B
Processing Transaction: init-transaction-be2462f8-b218-4e28-93f0-d195a8c9913e 100 10 Initial test-account-A test-account-B

=== Running repeatedTest (ProcessTransactionLoadTest) repetition 8 ===

Running Repetition 8 of 10
Processing Transaction: 8-1 0 10 transaction 1 test-account-A test-account-B
Processing Transaction: 8-2 0 10 transaction 2 test-account-A test-account-B
Processing Transaction: 8-3 0 10 transaction 3 test-account-A test-account-B
Processing Transaction: 8-4 0 10 transaction 4 test-account-A test-account-B
Processing Transaction: 8-5 0 10 transaction 5 test-account-A test-account-B
Processing Transaction: 8-6 0 10 transaction 6 test-account-A test-account-B
Processing Transaction: 8-7 0 10 transaction 7 test-account-A test-account-B
Processing Transaction: 8-8 0 10 transaction 8 test-account-A test-account-B
Processing Transaction: 8-9 0 10 transaction 9 test-account-A test-account-B
Repetition 8 completed in 2 ms
--- tearDown: cleaning up test ledger ---
]]></system-out>
  </testcase>
  <testcase name="repeatedTest(RepetitionInfo)[9]" classname="com.se300.ledger.complete.CompleteTest" time="0.006">
    <system-out><![CDATA[Setting up...
Creating Ledger: test ledger test-Ledger test-ledger
Creating Account: test-account-A
Creating Account: test-account-B
Processing Transaction: init-transaction-5cd51738-2c7b-43fd-87db-bf31cd8b508f 100 10 Initial test-account-A test-account-B

=== Running repeatedTest (ProcessTransactionLoadTest) repetition 9 ===

Running Repetition 9 of 10
Processing Transaction: 9-1 0 10 transaction 1 test-account-A test-account-B
Processing Transaction: 9-2 0 10 transaction 2 test-account-A test-account-B
Processing Transaction: 9-3 0 10 transaction 3 test-account-A test-account-B
Processing Transaction: 9-4 0 10 transaction 4 test-account-A test-account-B
Processing Transaction: 9-5 0 10 transaction 5 test-account-A test-account-B
Processing Transaction: 9-6 0 10 transaction 6 test-account-A test-account-B
Processing Transaction: 9-7 0 10 transaction 7 test-account-A test-account-B
Processing Transaction: 9-8 0 10 transaction 8 test-account-A test-account-B
Processing Transaction: 9-9 0 10 transaction 9 test-account-A test-account-B
Repetition 9 completed in 2 ms
--- tearDown: cleaning up test ledger ---
]]></system-out>
  </testcase>
  <testcase name="repeatedTest(RepetitionInfo)[10]" classname="com.se300.ledger.complete.CompleteTest" time="0.011">
    <system-out><![CDATA[Setting up...
Creating Ledger: test ledger test-Ledger test-ledger
Creating Account: test-account-A
Creating Account: test-account-B
Processing Transaction: init-transaction-a1f99c37-08cc-4bd9-a449-934ba04f7ab9 100 10 Initial test-account-A test-account-B

=== Running repeatedTest (ProcessTransactionLoadTest) repetition 10 ===

Running Repetition 10 of 10
Processing Transaction: 10-1 0 10 transaction 1 test-account-A test-account-B
Processing Transaction: 10-2 0 10 transaction 2 test-account-A test-account-B
Processing Transaction: 10-3 0 10 transaction 3 test-account-A test-account-B
Processing Transaction: 10-4 0 10 transaction 4 test-account-A test-account-B
Processing Transaction: 10-5 0 10 transaction 5 test-account-A test-account-B
Processing Transaction: 10-6 0 10 transaction 6 test-account-A test-account-B
Processing Transaction: 10-7 0 10 transaction 7 test-account-A test-account-B
Processing Transaction: 10-8 0 10 transaction 8 test-account-A test-account-B
Processing Transaction: 10-9 0 10 transaction 9 test-account-A test-account-B
Repetition 10 completed in 2 ms
--- tearDown: cleaning up test ledger ---
]]></system-out>
  </testcase>
  <testcase name="lifeCycleTest" classname="com.se300.ledger.complete.CompleteTest" time="0.004">
    <system-out><![CDATA[Setting up...
Creating Ledger: test ledger test-Ledger test-ledger
Creating Account: test-account-A
Creating Account: test-account-B
Processing Transaction: init-transaction-5884089c-fe53-42c8-8954-1b7321838ba5 100 10 Initial test-account-A test-account-B

=== Running lifeCycleTest ===

--- tearDown: cleaning up test ledger ---
]]></system-out>
  </testcase>
  <testcase name="parameterizedComplexSourcesTest" classname="com.se300.ledger.complete.CompleteTest" time="0.01">
    <system-out><![CDATA[Setting up...
Creating Ledger: test ledger test-Ledger test-ledger
Creating Account: test-account-A
Creating Account: test-account-B
Processing Transaction: init-transaction-555dd669-1732-4d70-b732-8c4fa7631ee2 100 10 Initial test-account-A test-account-B

=== Running parameterizedComplexSourcesTest ===

--- tearDown: cleaning up test ledger ---
]]></system-out>
  </testcase>
  <testcase name="taggedTest" classname="com.se300.ledger.complete.CompleteTest" time="0.004">
    <system-out><![CDATA[Setting up...
Creating Ledger: test ledger test-Ledger test-ledger
Creating Account: test-account-A
Creating Account: test-account-B
Processing Transaction: init-transaction-b948f021-420d-458d-8841-d2e25abeabcb 100 10 Initial test-account-A test-account-B

=== Running taggedTest ===

--- tearDown: cleaning up test ledger ---
]]></system-out>
  </testcase>
  <testcase name="basicAssertionsTest" classname="com.se300.ledger.complete.CompleteTest" time="0.058">
    <system-out><![CDATA[Setting up...
Creating Ledger: test ledger test-Ledger test-ledger
Creating Account: test-account-A
Creating Account: test-account-B
Processing Transaction: init-transaction-7c1f7755-7094-452a-b670-03d7af51007f 100 10 Initial test-account-A test-account-B

=== Running basicAssertionsTest ===

--- tearDown: cleaning up test ledger ---
]]></system-out>
  </testcase>
  <testcase name="assumptionsTest" classname="com.se300.ledger.complete.CompleteTest" time="0.003">
    <system-out><![CDATA[Setting up...
Creating Ledger: test ledger test-Ledger test-ledger
Creating Account: test-account-A
Creating Account: test-account-B
Processing Transaction: init-transaction-12b74840-dda4-4a6a-9bc6-df1fadde41db 100 10 Initial test-account-A test-account-B

=== Running assumptionsTest ===

--- tearDown: cleaning up test ledger ---
]]></system-out>
  </testcase>
  <testcase name="methodOrderTest" classname="com.se300.ledger.complete.CompleteTest" time="0.005">
    <system-out><![CDATA[Setting up...
Creating Ledger: test ledger test-Ledger test-ledger
Creating Account: test-account-A
Creating Account: test-account-B
Processing Transaction: init-transaction-9210c4e4-70d8-46b5-abfa-82d296da7f27 100 10 Initial test-account-A test-account-B

=== Running methodOrderTest ===

--- tearDown: cleaning up test ledger ---
]]></system-out>
  </testcase>
  <testcase name="parameterizedValueSourcesTest(String)[1]" classname="com.se300.ledger.complete.CompleteTest" time="0.025">
    <system-out><![CDATA[Setting up...
Creating Ledger: test ledger test-Ledger test-ledger
Creating Account: test-account-A
Creating Account: test-account-B
Processing Transaction: init-transaction-a41f2bb3-14b3-485b-a2c9-9a46e184dc19 100 10 Initial test-account-A test-account-B

=== Running parameterizedValueSourcesTest: creating account 'mary' ===

Creating Account: mary
--- tearDown: cleaning up test ledger ---
]]></system-out>
  </testcase>
  <testcase name="parameterizedValueSourcesTest(String)[2]" classname="com.se300.ledger.complete.CompleteTest" time="0.003">
    <system-out><![CDATA[Setting up...
Creating Ledger: test ledger test-Ledger test-ledger
Creating Account: test-account-A
Creating Account: test-account-B
Processing Transaction: init-transaction-2190fe2b-cefc-4f19-a351-ee3f385205bc 100 10 Initial test-account-A test-account-B

=== Running parameterizedValueSourcesTest: creating account 'bob' ===

Creating Account: bob
--- tearDown: cleaning up test ledger ---
]]></system-out>
  </testcase>
  <testcase name="parameterizedValueSourcesTest(String)[3]" classname="com.se300.ledger.complete.CompleteTest" time="0.004">
    <system-out><![CDATA[Setting up...
Creating Ledger: test ledger test-Ledger test-ledger
Creating Account: test-account-A
Creating Account: test-account-B
Processing Transaction: init-transaction-f085a8d6-d513-4f6c-84ae-12307fd7f273 100 10 Initial test-account-A test-account-B

=== Running parameterizedValueSourcesTest: creating account 'bill' ===

Creating Account: bill
--- tearDown: cleaning up test ledger ---
]]></system-out>
  </testcase>
  <testcase name="parameterizedValueSourcesTest(String)[4]" classname="com.se300.ledger.complete.CompleteTest" time="0.002">
    <system-out><![CDATA[Setting up...
Creating Ledger: test ledger test-Ledger test-ledger
Creating Account: test-account-A
Creating Account: test-account-B
Processing Transaction: init-transaction-442fc88b-9a1d-43f0-87fd-849233162fb7 100 10 Initial test-account-A test-account-B

=== Running parameterizedValueSourcesTest: creating account 'frank' ===

Creating Account: frank
--- tearDown: cleaning up test ledger ---
]]></system-out>
  </testcase>
  <testcase name="parameterizedValueSourcesTest(String)[5]" classname="com.se300.ledger.complete.CompleteTest" time="0.004">
    <system-out><![CDATA[Setting up...
Creating Ledger: test ledger test-Ledger test-ledger
Creating Account: test-account-A
Creating Account: test-account-B
Processing Transaction: init-transaction-fe157908-b348-4211-a0ae-acbdafb91130 100 10 Initial test-account-A test-account-B

=== Running parameterizedValueSourcesTest: creating account 'jane' ===

Creating Account: jane
--- tearDown: cleaning up test ledger ---
]]></system-out>
  </testcase>
  <testcase name="conditionalTest" classname="com.se300.ledger.complete.CompleteTest" time="0.004">
    <system-out><![CDATA[Setting up...
Creating Ledger: test ledger test-Ledger test-ledger
Creating Account: test-account-A
Creating Account: test-account-B
Processing Transaction: init-transaction-4048002f-78d4-472a-b510-795910c09eaf 100 10 Initial test-account-A test-account-B

=== Running conditionalTest ===

--- tearDown: cleaning up test ledger ---
]]></system-out>
  </testcase>
  <testcase name="advancedAssertionsTest" classname="com.se300.ledger.complete.CompleteTest" time="0.033">
    <system-out><![CDATA[Setting up...
Creating Ledger: test ledger test-Ledger test-ledger
Creating Account: test-account-A
Creating Account: test-account-B
Processing Transaction: init-transaction-554e38d4-fc77-418f-9628-af82539aac91 100 10 Initial test-account-A test-account-B

=== Running advancedAssertionsTest ===

Processing: createAccount for address: test-account-A
Throwing Exception: Account already exists for address: test-account-A
Processing Transaction: maximum value -2147483648 10 max int maximumPay maxReciever
--- tearDown: cleaning up test ledger ---
]]></system-out>
  </testcase>
  <testcase name="mockArgumentMatchersTest" classname="com.se300.ledger.complete.CompleteTest" time="0.005">
    <system-out><![CDATA[Setting up...
Creating Ledger: test ledger test-Ledger test-ledger
Creating Account: test-account-A
Creating Account: test-account-B
Processing Transaction: init-transaction-bb50ff7e-1b1b-4972-af3f-f8e5e39da755 100 10 Initial test-account-A test-account-B

=== Running mockArgumentMatchersTest ===

--- tearDown: cleaning up test ledger ---
]]></system-out>
  </testcase>
  <testcase name="mockVerificationTest" classname="com.se300.ledger.complete.CompleteTest" time="0.004">
    <system-out><![CDATA[Setting up...
Creating Ledger: test ledger test-Ledger test-ledger
Creating Account: test-account-A
Creating Account: test-account-B
Processing Transaction: init-transaction-c93b3b26-51d8-475f-a80a-778cca47ae90 100 10 Initial test-account-A test-account-B

=== Running mockVerificationTest ===

--- tearDown: cleaning up test ledger ---
]]></system-out>
  </testcase>
</testsuite>