<?xml version="1.0" encoding="UTF-8"?>
<testsuite xmlns:xsi="http://www.w3.org/2001/XMLSchema-instance" xsi:noNamespaceSchemaLocation="https://maven.apache.org/surefire/maven-surefire-plugin/xsd/surefire-test-report.xsd" version="3.0.2" name="com.se300.ledger.complete.CompleteTest" time="3.392" tests="26" errors="0" skipped="0" failures="0">
  <properties>
[...]
</properties>
  <testcase name="mockBehaviorTest" classname="com.se300.ledger.complete.CompleteTest" time="2.615">
    <system-out><![CDATA[Setting up...
Creating Ledger: test ledger test-Ledger test-ledger
Creating Account: test-account-A
Creating Account: test-account-B
Processing Transaction: init-transaction-1c731f6c-73b3-480a-b63a-ef3914108472 100 10 Initial test-account-A test-account-B

=== Running mockBehaviorTest ===

--- tearDown: cleaning up test ledger ---
]]></system-out>
  </testcase>
  <testcase name="repeatedTest(RepetitionInfo)[1]" classname="com.se300.ledger.complete.CompleteTest" time="0.088">
    <system-out><![CDATA[Setting up...
Creating Ledger: test ledger test-Ledger test-ledger
Creating Account: test-account-A
Creating Account: test-account-B
Processing Transaction: init-transaction-552cc785-3c1a-4fa6-a5c3-1ce6add99453 100 10 Initial test-account-A test-account-B

=== Running repeatedTest (ProcessTransactionLoadTest) repetition 1 ===

Running Repetition 1 of 10
Processing Transaction: 1-1 0 10 transaction 1 test-account-A test-account-B
Processing Transaction: 1-2 0 10 transaction 2 test-account-A test-account-B
Processing Transaction: 1-3 0 10 transaction 3 test-account-A test-account-B
Processing Transaction: 1-4 0 10 transaction 4 test-account-A test-account-B
Processing Transaction: 1-5 0 10 transaction 5 test-account-A test-account-B
Processing Transaction: 1-6 0 10 transaction 6 test-account-A test-account-B
Processing Transaction: 1-7 0 10 transaction 7 test-account-A test-account-B
Processing Transaction: 1-8 0 10 transaction 8 test-account-A test-account-B
Processing Transaction: 1-9 0 10 transaction 9 test-account-A test-account-B
Repetition 1 completed in 51 ms
--- tearDown: cleaning up test ledger ---
]]></system-out>
  </testcase>
  <testcase name="repeatedTest(RepetitionInfo)[2]" classname="com.se300.ledger.complete.CompleteTest" time="0.043">
    <system-out><![CDATA[Setting up...
Creating Ledger: test ledger test-Ledger test-ledger
Creating Account: test-account-A
Creating Account: test-account-B
Processing Transaction: init-transaction-66f258f9-5e9b-4d28-8421-e74b2a8e3a35 100 10 Initial test-account-A test-account-B

=== Running repeatedTest (ProcessTransactionLoadTest) repetition 2 ===

Running Repetition 2 of 10
Processing Transaction: 2-1 0 10 transaction 1 test-account-A test-account-B
Processing Transaction: 2-2 0 10 transaction 2 test-account-A test-account-B
Processing Transaction: 2-3 0 10 transaction 3 test-account-A test-account-B
Processing Transaction: 2-4 0 10 transaction 4 test-account-A test-account-B
Processing Transaction: 2-5 0 10 transaction 5 test-account-A test-account-B
Processing Transaction: 2-6 0 10 transaction 6 test-account-A test-account-B
Processing Transaction: 2-7 0 10 transaction 7 test-account-A test-account-B
Processing Transaction: 2-8 0 10 transaction 8 test-account-A test-account-B
Processing Transaction: 2-9 0 10 transaction 9 test-account-A test-account-B
Repetition 2 completed in 28 ms
--- tearDown: cleaning up test ledger ---
]]></system-out>
  </testcase>
  <testcase name="repeatedTest(RepetitionInfo)[3]" classname="com.se300.ledger.complete.CompleteTest" time="0.013">
    <system-out><![CDATA[Setting up...
Creating Ledger: test ledger test-Ledger test-ledger
Creating Account: test-account-A
Creating Account: test-account-B
Processing Transaction: init-transaction-40f2b2a4-fa28-48fa-a03a-8d698e9cc2b3 100 10 Initial test-account-A test-account-B

=== Running repeatedTest (ProcessTransactionLoadTest) repetition 3 ===

Running Repetition 3 of 10
Processing Transaction: 3-1 0 10 transaction 1 test-account-A test-account-B
Processing Transaction: 3-2 0 10 transaction 2 test-account-A test-account-B
Processing Transaction: 3-3 0 10 transaction 3 test-account-A test-account-B
Processing Transaction: 3-4 0 10 transaction 4 test-account-A test-account-B
Processing Transaction: 3-5 0 10 transaction 5 test-account-A test-account-B
Processing Transaction: 3-6 0 10 transaction 6 test-account-A test-account-B
Processing Transaction: 3-7 0 10 transaction 7 test-account-A test-account-B
Processing Transaction: 3-8 0 10 transaction 8 test-account-A test-account-B
Processing Transaction: 3-9 0 10 transaction 9 test-account-A test-account-B
Repetition 3 completed in 5 ms
--- tearDown: cleaning up test ledger ---
]]></system-out>
  </testcase>
  <testcase name="repeatedTest(RepetitionInfo)[4]" classname="com.se300.ledger.complete.CompleteTest" time="0.008">
    <system-out><![CDATA[Setting up...
Creating Ledger: test ledger test-Ledger test-ledger
Creating Account: test-account-A
Creating Account: test-account-B
Processing Transaction: init-transaction-73c80c4f-b03d-4c25-a18f-5501c5f9122d 100 10 Initial test-account-A test-account-B

=== Running repeatedTest (ProcessTransactionLoadTest) repetition 4 ===

Running Repetition 4 of 10
Processing Transaction: 4-1 0 10 transaction 1 test-account-A test-account-B
Processing Transaction: 4-2 0 10 transaction 2 test-account-A test-account-B
Processing Transaction: 4-3 0 10 transaction 3 test-account-A test-account-B
Processing Transaction: 4-4 0 10 transaction 4 test-account-A test-account-B
Processing Transaction: 4-5 0 10 transaction 5 test-account-A test-account-B
Processing Transaction: 4-6 0 10 transaction 6 test-account-A test-account-B
Processing Transaction: 4-7 0 10 transaction 7 test-account-A test-account-B
Processing Transaction: 4-8 0 10 transaction 8 test-account-A test-account-B
Processing Transaction: 4-9 0 10 transaction 9 test-account-A test-account-B
Repetition 4 completed in 5 ms
--- tearDown: cleaning up test ledger ---
]]></system-out>
  </testcase>
  <testcase name="repeatedTest(RepetitionInfo)[5]" classname="com.se300.ledger.complete.CompleteTest" time="0.009">
    <system-out><![CDATA[Setting up...
Creating Ledger: test ledger test-Ledger test-ledger
Creating Account: test-account-A
Creating Account: test-account-B
Processing Transaction: init-transaction-525b2021-fd8f-4eaa-bf17-354dfa8e9bf0 100 10 Initial test-account-A test-account-B

=== Running repeatedTest (ProcessTransactionLoadTest) repetition 5 ===

Running Repetition 5 of 10
Processing Transaction: 5-1 0 10 transaction 1 test-account-A test-account-B
Processing Transaction: 5-2 0 10 transaction 2 test-account-A test-account-B
Processing Transaction: 5-3 0 10 transaction 3 test-account-A test-account-B
Processing Transaction: 5-4 0 10 transaction 4 test-account-A test-account-B
Processing Transaction: 5-5 0 10 transaction 5 test-account-A test-account-B
Processing Transaction: 5-6 0 10 transaction 6 test-account-A test-account-B
Processing Transaction: 5-7 0 10 transaction 7 test-account-A test-account-B
Processing Transaction: 5-8 0 10 transaction 8 test-account-A test-account-B
Processing Transaction: 5-9 0 10 transaction 9 test-account-A test-account-B
Repetition 5 completed in 4 ms
--- tearDown: cleaning up test ledger ---
]]></system-out>
  </testcase>
  <testcase name="repeatedTest(RepetitionInfo)[6]" classname="com.se300.ledger.complete.CompleteTest" time="0.014">
    <system-out><![CDATA[Setting up...
Creating Ledger: test ledger test-Ledger test-ledger
Creating Account: test-account-A
Creating Account: test-account-B
Processing Transaction: init-transaction-8dc508a1-4c81-47fc-9c83-fad587a558c8 100 10 Initial test-account-A test-account-B

=== Running repeatedTest (ProcessTransactionLoadTest) repetition 6 ===

Running Repetition 6 of 10
Processing Transaction: 6-1 0 10 transaction 1 test-account-A test-account-B
Processing Transaction: 6-2 0 10 transaction 2 test-account-A test-account-B
Processing Transaction: 6-3 0 10 transaction 3 test-account-A test-account-B
Processing Transaction: 6-4 0 10 transaction 4 test-account-A test-account-B
Processing Transaction: 6-5 0 10 transaction 5 test-account-A test-account-B
Processing Transaction: 6-6 0 10 transaction 6 test-account-A test-account-B
Processing Transaction: 6-7 0 10 transaction 7 test-account-A test-account-B
Processing Transaction: 6-8 0 10 transaction 8 test-account-A test-account-B
Processing Transaction: 6-9 0 10 transaction 9 test-account-A test-account-B
Repetition 6 completed in 8 ms
--- tearDown: cleaning up test ledger ---
]]></system-out>
  </testcase>
  <testcase name="repeatedTest(RepetitionInfo)[7]" classname="com.se300.ledger.complete.CompleteTest" time="0.025">
    <system-out><![CDATA[Setting up...
Creating Ledger: test ledger test-Ledger test-ledger
Creating Account: test-account-A
Creating Account: test-account-B
Processing Transaction: init-transaction-6d627f65-54b1-476b-9d12-656d2d439e35 100 10 Initial test-account-A test-account-B

=== Running repeatedTest (ProcessTransactionLoadTest) repetition 7 ===

Running Repetition 7 of 10
Processing Transaction: 7-1 0 10 transaction 1 test-account-A test-account-B
Processing Transaction: 7-2 0 10 transaction 2 test-account-A test-account-B
Processing Transaction: 7-3 0 10 transaction 3 test-account-A test-account-B
Processing Transaction: 7-4 0 10 transaction 4 test-account-A test-account-B
Processing Transaction: 7-5 0 10 transaction 5 test-account-A test-account-B
Processing Transaction: 7-6 0 10 transaction 6 test-account-A test-account-B
Processing Transaction: 7-7 0 10 transaction 7 test-account-A test-account-B
Processing Transaction: 7-8 0 10 transaction 8 test-account-A test-account-B
Processing Transaction: 7-9 0 10 transaction 9 test-account-A test-account-B
Repetition 7 completed in 20 ms
--- tearDown: cleaning up test ledger ---
]]></system-out>
  </testcase>
  <testcase name="repeatedTest(RepetitionInfo)[8]" classname="com.se300.ledger.complete.CompleteTest" time="0.008">
    <system-out><![CDATA[Setting up...
Creating Ledger: test ledger test-Ledger test-ledger
Creating Account: test-account-A
Creating Account: test-account-B
Processing Transaction: init-transaction-49db3d80-ceb9-4f5a-8169-103ef32a5ed6 100 10 Initial test-account-A test-account-B

=== Running repeatedTest (ProcessTransactionLoadTest) repetition 8 ===

Running Repetition 8 of 10
Processing Transaction: 8-1 0 10 transaction 1 test-account-A test-account-B
Processing Transaction: 8-2 0 10 transaction 2 test-account-A test-account-B
Processing Transaction: 8-3 0 10 transaction 3 test-account-A test-account-B
Processing Transaction: 8-4 0 10 transaction 4 test-account-A test-account-B
Processing Transaction: 8-5 0 10 transaction 5 test-account-A test-account-B
Processing Transaction: 8-6 0 10 transaction 6 test-account-A test-account-B
Processing Transaction: 8-7 0 10 transaction 7 test-account-A test-account-B
Processing Transaction: 8-8 0 10 transaction 8 test-account-A test-account-B
Processing Transaction: 8-9 0 10 transaction 9 test-account-A test-account-B
Repetition 8 completed in 4 ms
--- tearDown: cleaning up test ledger ---
]]></system-out>
  </testcase>
  <testcase name="repeatedTest(RepetitionInfo)[9]" classname="com.se300.ledger.complete.CompleteTest" time="0.004">
    <system-out><![CDATA[Setting up...
Creating Ledger: test ledger test-Ledger test-ledger
Creating Account: test-account-A
Creating Account: test-account-B
Processing Transaction: init-transaction-7fea31e8-b847-4150-aaab-a102f73a8dd1 100 10 Initial test-account-A test-account-B

=== Running repeatedTest (ProcessTransactionLoadTest) repetition 9 ===

Running Repetition 9 of 10
Processing Transaction: 9-1 0 10 transaction 1 test-account-A test-account-B
Processing Transaction: 9-2 0 10 transaction 2 test-account-A test-account-B
Processing Transaction: 9-3 0 10 transaction 3 test-account-A test-account-B
Processing Transaction: 9-4 0 10 transaction 4 test-account-A test-account-B
Processing Transaction: 9-5 0 10 transaction 5 test-account-A test-account-B
Processing Transaction: 9-6 0 10 transaction 6 test-account-A test-account-B
Processing Transaction: 9-7 0 10 transaction 7 test-account-A test-account-B
Processing Transaction: 9-8 0 10 transaction 8 test-account-A test-account-B
Processing Transaction: 9-9 0 10 transaction 9 test-account-A test-account-B
Repetition 9 completed in 2 ms
--- tearDown: cleaning up test ledger ---
]]></system-out>
  </testcase>
  <testcase name="repeatedTest(RepetitionInfo)[10]" classname="com.se300.ledger.complete.CompleteTest" time="0.009">
    <system-out><![CDATA[Setting up...
Creating Ledger: test ledger test-Ledger test-ledger
Creating Account: test-account-A
Creating Account: test-account-B
Processing Transaction: init-transaction-6663baea-fecf-4e3c-b216-2d80bf7e9b71 100 10 Initial test-account-A test-account-B

=== Running repeatedTest (ProcessTransactionLoadTest) repetition 10 ===

Running Repetition 10 of 10
Processing Transaction: 10-1 0 10 transaction 1 test-account-A test-account-B
Processing Transaction: 10-2 0 10 transaction 2 test-account-A test-account-B
Processing Transaction: 10-3 0 10 transaction 3 test-account-A test-account-B
Processing Transaction: 10-4 0 10 transaction 4 test-account-A test-account-B
Processing Transaction: 10-5 0 10 transaction 5 test-account-A test-account-B
Processing Transaction: 10-6 0 10 transaction 6 test-account-A test-account-B
Processing Transaction: 10-7 0 10 transaction 7 test-account-A test-account-B
Processing Transaction: 10-8 0 10 transaction 8 test-account-A test-account-B
Processing Transaction: 10-9 0 10 transaction 9 test-account-A test-account-B
Repetition 10 completed in 2 ms
--- tearDown: cleaning up test ledger ---
]]></system-out>
  </testcase>
  <testcase name="lifeCycleTest" classname="com.se300.ledger.complete.CompleteTest" time="0.004">
    <system-out><![CDATA[Setting up...
Creating Ledger: test ledger test-Ledger test-ledger
Creating Account: test-account-A
Creating Account: test-account-B
Processing Transaction: init-transaction-cb7e4539-727f-4fac-b720-95c2576f6fa0 100 10 Initial test-account-A test-account-B

=== Running lifeCycleTest ===

--- tearDown: cleaning up test ledger ---
]]></system-out>
  </testcase>
  <testcase name="parameterizedComplexSourcesTest" classname="com.se300.ledger.complete.CompleteTest" time="0.004">
    <system-out><![CDATA[Setting up...
Creating Ledger: test ledger test-Ledger test-ledger
Creating Account: test-account-A
Creating Account: test-account-B
Processing Transaction: init-transaction-bf40fb50-caed-4540-9917-3047f7138839 100 10 Initial test-account-A test-account-B

=== Running parameterizedComplexSourcesTest ===

--- tearDown: cleaning up test ledger ---
]]></system-out>
  </testcase>
  <testcase name="taggedTest" classname="com.se300.ledger.complete.CompleteTest" time="0.004">
    <system-out><![CDATA[Setting up...
Creating Ledger: test ledger test-Ledger test-ledger
Creating Account: test-account-A
Creating Account: test-account-B
Processing Transaction: init-transaction-56d37be3-66e2-468b-bbdf-30b43c227195 100 10 Initial test-account-A test-account-B

=== Running taggedTest ===

--- tearDown: cleaning up test ledger ---
]]></system-out>
  </testcase>
  <testcase name="basicAssertionsTest" classname="com.se300.ledger.complete.CompleteTest" time="0.022">
    <system-out><![CDATA[Setting up...
Creating Ledger: test ledger test-Ledger test-ledger
Creating Account: test-account-A
Creating Account: test-account-B
Processing Transaction: init-transaction-66da4c1d-1f05-4e12-90b7-70882683f7f7 100 10 Initial test-account-A test-account-B

=== Running basicAssertionsTest ===

--- tearDown: cleaning up test ledger ---
]]></system-out>
    <system-err><![CDATA[java.lang.NullPointerException: Cannot invoke "String.getBytes()" because "str" is null
	at com.se300.ledger.MerkleTrees.getSHA2HexValue(MerkleTrees.java:77)
	at com.se300.ledger.complete.CompleteTest.basicAssertionsTest(CompleteTest.java:261)
	at java.base/jdk.internal.reflect.DirectMethodHandleAccessor.invoke(DirectMethodHandleAccessor.java:103)
	at java.base/java.lang.reflect.Method.invoke(Method.java:580)
	at org.junit.platform.commons.util.ReflectionUtils.invokeMethod(ReflectionUtils.java:787)
	at org.junit.platform.commons.support.ReflectionSupport.invokeMethod(ReflectionSupport.java:478)
	at org.junit.jupiter.engine.execution.MethodInvocation.proceed(MethodInvocation.java:60)
	at org.junit.jupiter.engine.execution.InvocationInterceptorChain$ValidatingInvocation.proceed(InvocationInterceptorChain.java:131)
	at org.junit.jupiter.engine.extension.TimeoutExtension.intercept(TimeoutExtension.java:161)
	at org.junit.jupiter.engine.extension.TimeoutExtension.interceptTestableMethod(TimeoutExtension.java:152)
	at org.junit.jupiter.engine.extension.TimeoutExtension.interceptTestMethod(TimeoutExtension.java:91)
	at org.junit.jupiter.engine.execution.InterceptingExecutableInvoker$ReflectiveInterceptorCall.lambda$ofVoidMethod$0(InterceptingExecutableInvoker.java:112)
	at org.junit.jupiter.engine.execution.InterceptingExecutableInvoker.lambda$invoke$0(InterceptingExecutableInvoker.java:94)
	at org.junit.jupiter.engine.execution.InvocationInterceptorChain$InterceptedInvocation.proceed(InvocationInterceptorChain.java:106)
	at org.junit.jupiter.engine.execution.InvocationInterceptorChain.proceed(InvocationInterceptorChain.java:64)
	at org.junit.jupiter.engine.execution.InvocationInterceptorChain.chainAndInvoke(InvocationInterceptorChain.java:45)
	at org.junit.jupiter.engine.execution.InvocationInterceptorChain.invoke(InvocationInterceptorChain.java:37)
	at org.junit.jupiter.engine.execution.InterceptingExecutableInvoker.invoke(InterceptingExecutableInvoker.java:93)
	at org.junit.jupiter.engine.execution.InterceptingExecutableInvoker.invoke(InterceptingExecutableInvoker.java:87)
	at org.junit.jupiter.engine.descriptor.TestMethodTestDescriptor.lambda$invokeTestMethod$4(TestMethodTestDescriptor.java:221)
	at org.junit.platform.engine.support.hierarchical.ThrowableCollector.execute(ThrowableCollector.java:73)
	at org.junit.jupiter.engine.descriptor.TestMethodTestDescriptor.invokeTestMethod(TestMethodTestDescriptor.java:217)
	at org.junit.jupiter.engine.descriptor.TestMethodTestDescriptor.execute(TestMethodTestDescriptor.java:159)
	at org.junit.jupiter.engine.descriptor.TestMethodTestDescriptor.execute(TestMethodTestDescriptor.java:70)
	at org.junit.platform.engine.support.hierarchical.NodeTestTask.lambda$executeRecursively$6(NodeTestTask.java:157)
	at org.junit.platform.engine.support.hierarchical.ThrowableCollector.execute(ThrowableCollector.java:73)
	at org.junit.platform.engine.support.hierarchical.NodeTestTask.lambda$executeRecursively$8(NodeTestTask.java:147)
	at org.junit.platform.engine.support.hierarchical.Node.around(Node.java:137)
	at org.junit.platform.engine.support.hierarchical.NodeTestTask.lambda$executeRecursively$9(NodeTestTask.java:145)
	at org.junit.platform.engine.support.hierarchical.ThrowableCollector.execute(ThrowableCollector.java:73)
	at org.junit.platform.engine.support.hierarchical.NodeTestTask.executeRecursively(NodeTestTask.java:144)
	at org.junit.platform.engine.support.hierarchical.NodeTestTask.execute(NodeTestTask.java:101)
	at java.base/java.util.ArrayList.forEach(ArrayList.java:1596)
	at org.junit.platform.engine.support.hierarchical.SameThreadHierarchicalTestExecutorService.invokeAll(SameThreadHierarchicalTestExecutorService.java:41)
	at org.junit.platform.engine.support.hierarchical.NodeTestTask.lambda$executeRecursively$6(NodeTestTask.java:161)
	at org.junit.platform.engine.support.hierarchical.ThrowableCollector.execute(ThrowableCollector.java:73)
	at org.junit.platform.engine.support.hierarchical.NodeTestTask.lambda$executeRecursively$8(NodeTestTask.java:147)
	at org.junit.platform.engine.support.hierarchical.Node.around(Node.java:137)
	at org.junit.platform.engine.support.hierarchical.NodeTestTask.lambda$executeRecursively$9(NodeTestTask.java:145)
	at org.junit.platform.engine.support.hierarchical.ThrowableCollector.execute(ThrowableCollector.java:73)
	at org.junit.platform.engine.support.hierarchical.NodeTestTask.executeRecursively(NodeTestTask.java:144)
	at org.junit.platform.engine.support.hierarchical.NodeTestTask.execute(NodeTestTask.java:101)
	at java.base/java.util.ArrayList.forEach(ArrayList.java:1596)
	at org.junit.platform.engine.support.hierarchical.SameThreadHierarchicalTestExecutorService.invokeAll(SameThreadHierarchicalTestExecutorService.java:41)
	at org.junit.platform.engine.support.hierarchical.NodeTestTask.lambda$executeRecursively$6(NodeTestTask.java:161)
	at org.junit.platform.engine.support.hierarchical.ThrowableCollector.execute(ThrowableCollector.java:73)
	at org.junit.platform.engine.support.hierarchical.NodeTestTask.lambda$executeRecursively$8(NodeTestTask.java:147)
	at org.junit.platform.engine.support.hierarchical.Node.around(Node.java:137)
	at org.junit.platform.engine.support.hierarchical.NodeTestTask.lambda$executeRecursively$9(NodeTestTask.java:145)
	at org.junit.platform.engine.support.hierarchical.ThrowableCollector.execute(ThrowableCollector.java:73)
	at org.junit.platform.engine.support.hierarchical.NodeTestTask.executeRecursively(NodeTestTask.java:144)
	at org.junit.platform.engine.support.hierarchical.NodeTestTask.execute(NodeTestTask.java:101)
	at org.junit.platform.engine.support.hierarchical.SameThreadHierarchicalTestExecutorService.submit(SameThreadHierarchicalTestExecutorService.java:35)
	at org.junit.platform.engine.support.hierarchical.HierarchicalTestExecutor.execute(HierarchicalTestExecutor.java:57)
	at org.junit.platform.engine.support.hierarchical.HierarchicalTestEngine.execute(HierarchicalTestEngine.java:54)
	at org.junit.platform.launcher.core.EngineExecutionOrchestrator.executeEngine(EngineExecutionOrchestrator.java:230)
	at org.junit.platform.launcher.core.EngineExecutionOrchestrator.failOrExecuteEngine(EngineExecutionOrchestrator.java:204)
	at org.junit.platform.launcher.core.EngineExecutionOrchestrator.execute(EngineExecutionOrchestrator.java:172)
	at org.junit.platform.launcher.core.EngineExecutionOrchestrator.execute(EngineExecutionOrchestrator.java:101)
	at org.junit.platform.launcher.core.EngineExecutionOrchestrator.lambda$execute$0(EngineExecutionOrchestrator.java:64)
	at org.junit.platform.launcher.core.EngineExecutionOrchestrator.withInterceptedStreams(EngineExecutionOrchestrator.java:150)
	at org.junit.platform.launcher.core.EngineExecutionOrchestrator.execute(EngineExecutionOrchestrator.java:63)
	at org.junit.platform.launcher.core.DefaultLauncher.execute(DefaultLauncher.java:109)
	at org.junit.platform.launcher.core.DefaultLauncher.execute(DefaultLauncher.java:91)
	at org.junit.platform.launcher.core.DelegatingLauncher.execute(DelegatingLauncher.java:47)
	at org.junit.platform.launcher.core.InterceptingLauncher.lambda$execute$1(InterceptingLauncher.java:39)
	at org.junit.platform.launcher.core.ClasspathAlignmentCheckingLauncherInterceptor.intercept(ClasspathAlignmentCheckingLauncherInterceptor.java:25)
	at org.junit.platform.launcher.core.InterceptingLauncher.execute(InterceptingLauncher.java:38)
	at org.junit.platform.launcher.core.DelegatingLauncher.execute(DelegatingLauncher.java:47)
	at org.apache.maven.surefire.junitplatform.LazyLauncher.execute(LazyLauncher.java:56)
	at org.apache.maven.surefire.junitplatform.JUnitPlatformProvider.execute(JUnitPlatformProvider.java:194)
	at org.apache.maven.surefire.junitplatform.JUnitPlatformProvider.invokeAllTests(JUnitPlatformProvider.java:150)
	at org.apache.maven.surefire.junitplatform.JUnitPlatformProvider.invoke(JUnitPlatformProvider.java:122)
	at org.apache.maven.surefire.booter.ForkedBooter.runSuitesInProcess(ForkedBooter.java:385)
	at org.apache.maven.surefire.booter.ForkedBooter.execute(ForkedBooter.java:162)
	at org.apache.maven.surefire.booter.ForkedBooter.run(ForkedBooter.java:507)
	at org.apache.maven.surefire.booter.ForkedBooter.main(ForkedBooter.java:495)
]]></system-err>
  </testcase>
  <testcase name="assumptionsTest" classname="com.se300.ledger.complete.CompleteTest" time="0.007">
    <system-out><![CDATA[Setting up...
Creating Ledger: test ledger test-Ledger test-ledger
Creating Account: test-account-A
Creating Account: test-account-B
Processing Transaction: init-transaction-20719683-b95c-4527-86f4-668f1830fbe6 100 10 Initial test-account-A test-account-B

=== Running assumptionsTest ===

--- tearDown: cleaning up test ledger ---
]]></system-out>
  </testcase>
  <testcase name="methodOrderTest" classname="com.se300.ledger.complete.CompleteTest" time="0.003">
    <system-out><![CDATA[Setting up...
Creating Ledger: test ledger test-Ledger test-ledger
Creating Account: test-account-A
Creating Account: test-account-B
Processing Transaction: init-transaction-f2829e46-b5b2-411b-8a73-535d7d16f3b2 100 10 Initial test-account-A test-account-B

=== Running methodOrderTest ===

--- tearDown: cleaning up test ledger ---
]]></system-out>
  </testcase>
  <testcase name="parameterizedValueSourcesTest(String)[1]" classname="com.se300.ledger.complete.CompleteTest" time="0.025">
    <system-out><![CDATA[Setting up...
Creating Ledger: test ledger test-Ledger test-ledger
Creating Account: test-account-A
Creating Account: test-account-B
Processing Transaction: init-transaction-85bfb8cc-e8c0-4dda-9464-e2447520cc1f 100 10 Initial test-account-A test-account-B

=== Running parameterizedValueSourcesTest: creating account 'mary' ===

Creating Account: mary
--- tearDown: cleaning up test ledger ---
]]></system-out>
  </testcase>
  <testcase name="parameterizedValueSourcesTest(String)[2]" classname="com.se300.ledger.complete.CompleteTest" time="0.005">
    <system-out><![CDATA[Setting up...
Creating Ledger: test ledger test-Ledger test-ledger
Creating Account: test-account-A
Creating Account: test-account-B
Processing Transaction: init-transaction-d0d3b5a9-175f-467e-9484-2b9406828390 100 10 Initial test-account-A test-account-B

=== Running parameterizedValueSourcesTest: creating account 'bob' ===

Creating Account: bob
--- tearDown: cleaning up test ledger ---
]]></system-out>
  </testcase>
  <testcase name="parameterizedValueSourcesTest(String)[3]" classname="com.se300.ledger.complete.CompleteTest" time="0.003">
    <system-out><![CDATA[Setting up...
Creating Ledger: test ledger test-Ledger test-ledger
Creating Account: test-account-A
Creating Account: test-account-B
Processing Transaction: init-transaction-a8814825-67b0-4d92-b1fe-6c3789900c45 100 10 Initial test-account-A test-account-B

=== Running parameterizedValueSourcesTest: creating account 'bill' ===

Creating Account: bill
--- tearDown: cleaning up test ledger ---
]]></system-out>
  </testcase>
  <testcase name="parameterizedValueSourcesTest(String)[4]" classname="com.se300.ledger.complete.CompleteTest" time="0.003">
    <system-out><![CDATA[Setting up...
Creating Ledger: test ledger test-Ledger test-ledger
Creating Account: test-account-A
Creating Account: test-account-B
Processing Transaction: init-transaction-a6579c1b-caca-4b38-a5ed-6e97922babc0 100 10 Initial test-account-A test-account-B

=== Running parameterizedValueSourcesTest: creating account 'frank' ===

Creating Account: frank
--- tearDown: cleaning up test ledger ---
]]></system-out>
  </testcase>
  <testcase name="parameterizedValueSourcesTest(String)[5]" classname="com.se300.ledger.complete.CompleteTest" time="0.01">
    <system-out><![CDATA[Setting up...
Creating Ledger: test ledger test-Ledger test-ledger
Creating Account: test-account-A
Creating Account: test-account-B
Processing Transaction: init-transaction-4592875f-0f40-42ba-82a1-ec54dfc6e059 100 10 Initial test-account-A test-account-B

=== Running parameterizedValueSourcesTest: creating account 'jane' ===

Creating Account: jane
--- tearDown: cleaning up test ledger ---
]]></system-out>
  </testcase>
  <testcase name="conditionalTest" classname="com.se300.ledger.complete.CompleteTest" time="0.003">
    <system-out><![CDATA[Setting up...
Creating Ledger: test ledger test-Ledger test-ledger
Creating Account: test-account-A
Creating Account: test-account-B
Processing Transaction: init-transaction-81a54eae-d8c4-478c-82c2-09bcd26d7059 100 10 Initial test-account-A test-account-B

=== Running conditionalTest ===

--- tearDown: cleaning up test ledger ---
]]></system-out>
  </testcase>
  <testcase name="advancedAssertionsTest" classname="com.se300.ledger.complete.CompleteTest" time="0.046">
    <system-out><![CDATA[Setting up...
Creating Ledger: test ledger test-Ledger test-ledger
Creating Account: test-account-A
Creating Account: test-account-B
Processing Transaction: init-transaction-ec2052d6-d087-42f5-a96e-9d5f1912f934 100 10 Initial test-account-A test-account-B

=== Running advancedAssertionsTest ===

Processing: createAccount for address: test-account-A
Throwing Exception: Account already exists for address: test-account-A
Processing Transaction: maximum value -2147483648 10 max int maximumPay maxReciever
--- tearDown: cleaning up test ledger ---
]]></system-out>
  </testcase>
  <testcase name="mockArgumentMatchersTest" classname="com.se300.ledger.complete.CompleteTest" time="0.002">
    <system-out><![CDATA[Setting up...
Creating Ledger: test ledger test-Ledger test-ledger
Creating Account: test-account-A
Creating Account: test-account-B
Processing Transaction: init-transaction-5300cc77-64c1-475c-bfa7-9e16bc6a0950 100 10 Initial test-account-A test-account-B

=== Running mockArgumentMatchersTest ===

--- tearDown: cleaning up test ledger ---
]]></system-out>
  </testcase>
  <testcase name="mockVerificationTest" classname="com.se300.ledger.complete.CompleteTest" time="0.002">
    <system-out><![CDATA[Setting up...
Creating Ledger: test ledger test-Ledger test-ledger
Creating Account: test-account-A
Creating Account: test-account-B
Processing Transaction: init-transaction-5a663e3c-1ecd-493b-9619-1e39a70c4ec7 100 10 Initial test-account-A test-account-B

=== Running mockVerificationTest ===

--- tearDown: cleaning up test ledger ---
]]></system-out>
  </testcase>
</testsuite>